2026-02-03 10:16:26 INFO  Utils:112 - [Utils] MethodGroupsHelper.collectMethodsByGroup() took 9 ms.
2026-02-03 10:16:26 INFO  Utils:112 - [Utils] MethodGroupsHelper.sortMethods() took 11 ms.
2026-02-03 10:16:26 INFO  Utils:112 - [Utils] MethodGroupsHelper.collectMethodsByGroup() took 0 ms.
2026-02-03 10:16:26 INFO  Utils:112 - [Utils] MethodGroupsHelper.sortMethods() took 0 ms.
2026-02-03 10:16:26 INFO  Utils:112 - [Utils] MethodGroupsHelper.collectMethodsByGroup() took 0 ms.
2026-02-03 10:16:26 INFO  Utils:112 - [Utils] MethodGroupsHelper.sortMethods() took 0 ms.
2026-02-03 10:16:26 INFO  Utils:112 - [Utils] MethodGroupsHelper.collectMethodsByGroup() took 0 ms.
2026-02-03 10:16:26 INFO  Utils:112 - [Utils] MethodGroupsHelper.sortMethods() took 0 ms.
2026-02-03 10:16:26 INFO  Utils:112 - [Utils] MethodGroupsHelper.collectMethodsByGroup() took 0 ms.
2026-02-03 10:16:26 INFO  Utils:112 - [Utils] MethodGroupsHelper.sortMethods() took 0 ms.
2026-02-03 10:16:26 INFO  Utils:112 - [Utils] MethodGroupsHelper.collectMethodsByGroup() took 1 ms.
2026-02-03 10:16:26 INFO  Utils:112 - [Utils] MethodGroupsHelper.sortMethods() took 0 ms.
2026-02-03 10:16:26 INFO  Utils:112 - [Utils] MethodGroupsHelper.collectMethodsByGroup() took 0 ms.
2026-02-03 10:16:26 INFO  Utils:112 - [Utils] MethodGroupsHelper.sortMethods() took 0 ms.
2026-02-03 10:16:26 INFO  Utils:112 - [Utils] MethodGroupsHelper.collectMethodsByGroup() took 0 ms.
2026-02-03 10:16:26 INFO  Utils:112 - [Utils] MethodGroupsHelper.sortMethods() took 0 ms.
2026-02-03 10:16:26 INFO  Utils:112 - [Utils] MethodGroupsHelper.collectMethodsByGroup() took 0 ms.
2026-02-03 10:16:26 INFO  Utils:112 - [Utils] MethodGroupsHelper.sortMethods() took 0 ms.
2026-02-03 10:16:26 INFO  Utils:112 - [Utils] MethodGroupsHelper.collectMethodsByGroup() took 0 ms.
2026-02-03 10:16:26 INFO  Utils:112 - [Utils] MethodGroupsHelper.sortMethods() took 0 ms.
2026-02-03 10:16:26 INFO  Utils:112 - [Utils] MethodGroupsHelper.collectMethodsByGroup() took 0 ms.
2026-02-03 10:16:27 INFO  Utils:112 - [Utils] MethodGroupsHelper.sortMethods() took 1 ms.
2026-02-03 10:16:27 INFO  Utils:112 - [Utils] MethodGroupsHelper.collectMethodsByGroup() took 0 ms.
2026-02-03 10:16:27 INFO  Utils:112 - [Utils] MethodGroupsHelper.sortMethods() took 0 ms.
2026-02-03 10:16:27 INFO  Utils:112 - [Utils] MethodGroupsHelper.collectMethodsByGroup() took 0 ms.
2026-02-03 10:16:27 INFO  Utils:112 - [Utils] MethodGroupsHelper.sortMethods() took 0 ms.
2026-02-03 10:16:27 INFO  Utils:112 - [Utils] MethodGroupsHelper.collectMethodsByGroup() took 0 ms.
2026-02-03 10:16:27 INFO  Utils:112 - [Utils] MethodGroupsHelper.sortMethods() took 0 ms.
2026-02-03 10:16:27 INFO  Utils:112 - [Utils] MethodGroupsHelper.collectMethodsByGroup() took 0 ms.
2026-02-03 10:16:27 INFO  Utils:112 - [Utils] MethodGroupsHelper.sortMethods() took 0 ms.
2026-02-03 10:16:27 INFO  Utils:112 - [Utils] MethodGroupsHelper.collectMethodsByGroup() took 0 ms.
2026-02-03 10:16:27 INFO  Utils:112 - [Utils] MethodGroupsHelper.sortMethods() took 0 ms.
2026-02-03 10:16:27 INFO  Utils:112 - [Utils] MethodGroupsHelper.collectMethodsByGroup() took 0 ms.
2026-02-03 10:16:27 INFO  Utils:112 - [Utils] MethodGroupsHelper.sortMethods() took 0 ms.
2026-02-03 10:16:27 INFO  Utils:112 - [Utils] MethodGroupsHelper.collectMethodsByGroup() took 0 ms.
2026-02-03 10:16:27 INFO  Utils:112 - [Utils] MethodGroupsHelper.sortMethods() took 0 ms.
2026-02-03 10:16:27 INFO  Utils:112 - [Utils] MethodGroupsHelper.collectMethodsByGroup() took 0 ms.
2026-02-03 10:16:27 INFO  Utils:112 - [Utils] MethodGroupsHelper.sortMethods() took 0 ms.
2026-02-03 10:16:27 INFO  Utils:112 - [Utils] MethodGroupsHelper.collectMethodsByGroup() took 0 ms.
2026-02-03 10:16:27 INFO  Utils:112 - [Utils] MethodGroupsHelper.sortMethods() took 0 ms.
2026-02-03 10:16:27 INFO  Utils:112 - [Utils] MethodGroupsHelper.collectMethodsByGroup() took 0 ms.
2026-02-03 10:16:27 INFO  Utils:112 - [Utils] MethodGroupsHelper.sortMethods() took 0 ms.
2026-02-03 10:16:27 INFO  Utils:112 - [Utils] MethodGroupsHelper.collectMethodsByGroup() took 0 ms.
2026-02-03 10:16:27 INFO  Utils:112 - [Utils] MethodGroupsHelper.sortMethods() took 0 ms.
2026-02-03 10:16:27 INFO  Utils:112 - [Utils] MethodGroupsHelper.collectMethodsByGroup() took 0 ms.
2026-02-03 10:16:27 INFO  Utils:112 - [Utils] MethodGroupsHelper.sortMethods() took 0 ms.
2026-02-03 10:16:27 INFO  Utils:112 - [Utils] MethodGroupsHelper.collectMethodsByGroup() took 0 ms.
2026-02-03 10:16:27 INFO  Utils:112 - [Utils] MethodGroupsHelper.sortMethods() took 0 ms.
2026-02-03 10:16:27 INFO  Utils:112 - [Utils] MethodGroupsHelper.collectMethodsByGroup() took 0 ms.
2026-02-03 10:16:27 INFO  Utils:112 - [Utils] MethodGroupsHelper.sortMethods() took 0 ms.
2026-02-03 10:16:27 INFO  Utils:112 - [Utils] MethodGroupsHelper.collectMethodsByGroup() took 0 ms.
2026-02-03 10:16:27 INFO  Utils:112 - [Utils] MethodGroupsHelper.sortMethods() took 0 ms.
2026-02-03 10:16:27 INFO  Utils:112 - [Utils] MethodGroupsHelper.collectMethodsByGroup() took 0 ms.
2026-02-03 10:16:27 INFO  Utils:112 - [Utils] MethodGroupsHelper.sortMethods() took 0 ms.
2026-02-03 10:16:27 INFO  Utils:112 - [Utils] MethodGroupsHelper.collectMethodsByGroup() took 0 ms.
2026-02-03 10:16:27 INFO  Utils:112 - [Utils] MethodGroupsHelper.sortMethods() took 0 ms.
2026-02-03 10:16:27 INFO  Utils:112 - [Utils] MethodGroupsHelper.collectMethodsByGroup() took 0 ms.
2026-02-03 10:16:27 INFO  Utils:112 - [Utils] MethodGroupsHelper.sortMethods() took 0 ms.
2026-02-03 10:16:27 INFO  Utils:112 - [Utils] MethodGroupsHelper.collectMethodsByGroup() took 0 ms.
2026-02-03 10:16:27 INFO  Utils:112 - [Utils] MethodGroupsHelper.sortMethods() took 0 ms.
2026-02-03 10:16:27 INFO  Utils:112 - [Utils] MethodGroupsHelper.collectMethodsByGroup() took 0 ms.
2026-02-03 10:16:27 INFO  Utils:112 - [Utils] MethodGroupsHelper.sortMethods() took 0 ms.
2026-02-03 10:16:27 INFO  Utils:112 - [Utils] MethodGroupsHelper.collectMethodsByGroup() took 0 ms.
2026-02-03 10:16:27 INFO  Utils:112 - [Utils] MethodGroupsHelper.sortMethods() took 0 ms.
2026-02-03 10:16:27 INFO  Utils:112 - [Utils] MethodGroupsHelper.collectMethodsByGroup() took 0 ms.
2026-02-03 10:16:27 INFO  Utils:112 - [Utils] MethodGroupsHelper.sortMethods() took 0 ms.
2026-02-03 10:16:27 INFO  Utils:112 - [Utils] MethodGroupsHelper.collectMethodsByGroup() took 0 ms.
2026-02-03 10:16:27 INFO  Utils:112 - [Utils] MethodGroupsHelper.sortMethods() took 0 ms.
2026-02-03 10:16:27 INFO  Utils:112 - [Utils] MethodGroupsHelper.collectMethodsByGroup() took 0 ms.
2026-02-03 10:16:27 INFO  Utils:112 - [Utils] MethodGroupsHelper.sortMethods() took 0 ms.
2026-02-03 10:16:27 INFO  Utils:112 - [Utils] MethodGroupsHelper.collectMethodsByGroup() took 0 ms.
2026-02-03 10:16:27 INFO  Utils:112 - [Utils] MethodGroupsHelper.sortMethods() took 0 ms.
2026-02-03 10:16:27 INFO  Utils:112 - [Utils] MethodGroupsHelper.collectMethodsByGroup() took 0 ms.
2026-02-03 10:16:27 INFO  Utils:112 - [Utils] MethodGroupsHelper.sortMethods() took 0 ms.
2026-02-03 10:16:27 INFO  Utils:112 - [Utils] MethodGroupsHelper.collectMethodsByGroup() took 0 ms.
2026-02-03 10:16:27 INFO  Utils:112 - [Utils] MethodGroupsHelper.sortMethods() took 0 ms.
2026-02-03 10:16:27 INFO  Utils:112 - [Utils] MethodGroupsHelper.collectMethodsByGroup() took 0 ms.
2026-02-03 10:16:27 INFO  Utils:112 - [Utils] MethodGroupsHelper.sortMethods() took 0 ms.
2026-02-03 10:16:27 INFO  Utils:112 - [Utils] MethodGroupsHelper.collectMethodsByGroup() took 0 ms.
2026-02-03 10:16:27 INFO  Utils:112 - [Utils] MethodGroupsHelper.sortMethods() took 0 ms.
2026-02-03 10:16:27 INFO  Utils:112 - [Utils] MethodGroupsHelper.collectMethodsByGroup() took 0 ms.
2026-02-03 10:16:27 INFO  Utils:112 - [Utils] MethodGroupsHelper.sortMethods() took 0 ms.
2026-02-03 10:16:27 INFO  Utils:112 - [Utils] MethodGroupsHelper.collectMethodsByGroup() took 0 ms.
2026-02-03 10:16:27 INFO  Utils:112 - [Utils] MethodGroupsHelper.sortMethods() took 0 ms.
2026-02-03 10:16:27 INFO  Utils:112 - [Utils] MethodGroupsHelper.collectMethodsByGroup() took 0 ms.
2026-02-03 10:16:27 INFO  Utils:112 - [Utils] MethodGroupsHelper.sortMethods() took 2 ms.
2026-02-03 10:16:27 INFO  Utils:112 - [Utils] MethodGroupsHelper.collectMethodsByGroup() took 0 ms.
2026-02-03 10:16:27 INFO  Utils:112 - [Utils] MethodGroupsHelper.sortMethods() took 0 ms.
2026-02-03 10:16:27 INFO  Utils:112 - [Utils] MethodGroupsHelper.collectMethodsByGroup() took 0 ms.
2026-02-03 10:16:27 INFO  Utils:112 - [Utils] MethodGroupsHelper.sortMethods() took 0 ms.
2026-02-03 10:16:27 INFO  Utils:112 - [TestNG] Running:
  C:\Users\2457151\IdeaProjects\LocalMajorProject\testng.xml

2026-02-03 10:16:36 INFO  TC04_searchWebDevelopmentCourseTest:67 - Extent report initialized.
2026-02-03 10:16:37 INFO  Utils:112 - [Utils] DynamicGraphHelper.createDynamicGraph() took 9 ms.
2026-02-03 10:16:37 INFO  TC04_searchWebDevelopmentCourseTest:20 - ******Starting TC04_searchWebDevelopmentCourseTest******
2026-02-03 10:16:37 INFO  TC04_searchWebDevelopmentCourseTest:24 - Entering Web Development in search box
2026-02-03 10:16:38 INFO  TC04_searchWebDevelopmentCourseTest:26 - Clicking on search button
2026-02-03 10:16:41 INFO  TC04_searchWebDevelopmentCourseTest:30 - ******Ending TC04_searchWebDevelopmentCourseTest******
2026-02-03 10:16:41 INFO  TC04_searchWebDevelopmentCourseTest:13 - ******Starting TC10_FilteringCoursesTest******
2026-02-03 10:16:42 INFO  TC04_searchWebDevelopmentCourseTest:16 - Applying English language filter
2026-02-03 10:16:43 INFO  TC04_searchWebDevelopmentCourseTest:20 - Applying Beginner level filter
2026-02-03 10:16:44 INFO  TC04_searchWebDevelopmentCourseTest:23 - Displaying first two courses after applying filters:
2026-02-03 10:16:53 INFO  TC04_searchWebDevelopmentCourseTest:31 - ******Ending TC10_FilteringCoursesTest******
2026-02-03 10:16:53 INFO  TC04_searchWebDevelopmentCourseTest:14 - ******Starting TC16_FilteringCoursesAndWritingCountInExcel******
2026-02-03 10:16:53 INFO  TC04_searchWebDevelopmentCourseTest:17 - Writing language options and their course counts to Excel file
2026-02-03 10:17:09 INFO  TC04_searchWebDevelopmentCourseTest:20 - ******Ending TC16_FilteringCoursesAndWritingCountInExcel******
2026-02-03 10:17:09 INFO  TC04_searchWebDevelopmentCourseTest:13 - ******Starting TC34_submitingEnterpriseWithInvalidMail******
2026-02-03 10:17:09 INFO  TC04_searchWebDevelopmentCourseTest:16 - Filling For Enterprise form with invalid email
2026-02-03 10:17:26 INFO  TC04_searchWebDevelopmentCourseTest:22 - Verifying page title
2026-02-03 10:17:26 INFO  TC04_searchWebDevelopmentCourseTest:24 - Entering First Name
2026-02-03 10:17:27 INFO  TC04_searchWebDevelopmentCourseTest:26 - Entering Last Name
2026-02-03 10:17:27 INFO  TC04_searchWebDevelopmentCourseTest:28 - Entering Invalid Email
2026-02-03 10:17:27 INFO  TC04_searchWebDevelopmentCourseTest:30 - Entering Phone Number
2026-02-03 10:17:28 INFO  TC04_searchWebDevelopmentCourseTest:32 - Selecting Institution Type
2026-02-03 10:17:28 INFO  TC04_searchWebDevelopmentCourseTest:34 - Entering Institution Name
2026-02-03 10:17:28 INFO  TC04_searchWebDevelopmentCourseTest:36 - Selecting Job Title
2026-02-03 10:17:29 INFO  TC04_searchWebDevelopmentCourseTest:38 - Selecting Department
2026-02-03 10:17:29 INFO  TC04_searchWebDevelopmentCourseTest:40 - Selecting Description
2026-02-03 10:17:29 INFO  TC04_searchWebDevelopmentCourseTest:42 - Selecting Country
2026-02-03 10:17:30 INFO  TC04_searchWebDevelopmentCourseTest:44 - Selecting State
2026-02-03 10:17:30 INFO  TC04_searchWebDevelopmentCourseTest:46 - Submitting the form
2026-02-03 10:17:30 INFO  TC04_searchWebDevelopmentCourseTest:48 - Verifying error message for invalid email
2026-02-03 10:17:31 INFO  TC04_searchWebDevelopmentCourseTest:50 - Taking screenshot of the error message
2026-02-03 10:17:31 INFO  TC04_searchWebDevelopmentCourseTest:52 - ******Ending TC34_submitingEnterpriseWithInvalidMail******
2026-02-03 10:17:48 INFO  Utils:112 - [TestNG] Time taken by org.testng.internal.ExitCodeListener@632dc41: 0 ms
